[    0.000000] Linux version 4.15.0-50-generic (buildd@lcy01-amd64-013) (gcc version 7.3.0 (Ubuntu 7.3.0-16ubuntu3)) #54-Ubuntu SMP Mon May 6 18:46:08 UTC 2019 (Ubuntu 4.15.0-50.54-generic 4.15.18)
[    0.000000] Command line: BOOT_IMAGE=/boot/vmlinuz-4.15.0-50-generic root=LABEL=cloudimg-rootfs ro console=tty1 console=ttyS0
[    0.000000] KERNEL supported cpus:
[    0.000000]   Intel GenuineIntel
[    0.000000]   AMD AuthenticAMD
[    0.000000]   Centaur CentaurHauls
[    0.000000] x86/fpu: Supporting XSAVE feature 0x001: 'x87 floating point registers'
[    0.000000] x86/fpu: Supporting XSAVE feature 0x002: 'SSE registers'
[    0.000000] x86/fpu: Supporting XSAVE feature 0x004: 'AVX registers'
[    0.000000] x86/fpu: xstate_offset[2]:  576, xstate_sizes[2]:  256
[    0.000000] x86/fpu: Enabled xstate features 0x7, context size is 832 bytes, using 'standard' format.
[    0.000000] e820: BIOS-provided physical RAM map:
[    0.000000] BIOS-e820: [mem 0x0000000000000000-0x000000000009fbff] usable
[    0.000000] BIOS-e820: [mem 0x000000000009fc00-0x000000000009ffff] reserved
[    0.000000] BIOS-e820: [mem 0x00000000000f0000-0x00000000000fffff] reserved
[    0.000000] BIOS-e820: [mem 0x0000000000100000-0x000000003ffeffff] usable
[    0.000000] BIOS-e820: [mem 0x000000003fff0000-0x000000003fffffff] ACPI data
[    0.000000] BIOS-e820: [mem 0x00000000fec00000-0x00000000fec00fff] reserved
[    0.000000] BIOS-e820: [mem 0x00000000fee00000-0x00000000fee00fff] reserved
[    0.000000] BIOS-e820: [mem 0x00000000fffc0000-0x00000000ffffffff] reserved
[    0.000000] NX (Execute Disable) protection: active
[    0.000000] SMBIOS 2.5 present.
[    0.000000] DMI: innotek GmbH VirtualBox/VirtualBox, BIOS VirtualBox 12/01/2006
[    0.000000] Hypervisor detected: KVM
[    0.000000] e820: last_pfn = 0x3fff0 max_arch_pfn = 0x400000000
[    0.000000] MTRR: Disabled
[    0.000000] x86/PAT: MTRRs disabled, skipping PAT initialization too.
[    0.000000] CPU MTRRs all blank - virtualized system.
[    0.000000] x86/PAT: Configuration [0-7]: WB  WT  UC- UC  WB  WT  UC- UC  
[    0.000000] found SMP MP-table at [mem 0x0009fff0-0x0009ffff] mapped at [        (ptrval)]
[    0.000000] Scanning 1 areas for low memory corruption
[    0.000000] RAMDISK: [mem 0x35add000-0x36d65fff]
[    0.000000] ACPI: Early table checksum verification disabled
[    0.000000] ACPI: RSDP 0x00000000000E0000 000024 (v02 VBOX  )
[    0.000000] ACPI: XSDT 0x000000003FFF0030 00003C (v01 VBOX   VBOXXSDT 00000001 ASL  00000061)
[    0.000000] ACPI: FACP 0x0000003FFF00F0 0000F4 (v04 VBOX   VBOXFACP 00000001 ASL  00000061)
[    0.000000] ACPI: DSDT 0x000000003FFF0470 0021FF (v02 VBOX   VBOXBIOS 00000002 INTL 20180105)
[    0.000000] ACPI: FACS 0x000000003FFF0200 000040
[    0.000000] ACPI: FACS 0x000000003FFF0200 000040
[    0.000000] ACPI: APIC 0x000000003FFF0240 00005C (v02 VBOX   VBOXAPIC 00000001 ASL  00000061)
[    0.000000] ACPI: SSDT 0x000000003FFF02A0 0001CC (v01 VBOX   VBOXCPUT 00000002 INTL 20180105)
[    0.000000] No NUMA configuration found
[    0.000000] Faking a node at [mem 0x0000000000000000-0x000000003ffeffff]
[    0.000000] NODE_DATA(0) allocated [mem 0x3ffc5000-0x3ffeffff]
[    0.000000] kvm-clock: cpu 0, msr 0:3ff44001, primary cpu clock
[    0.000000] kvm-clock: Using msrs 4b564d01 and 4b564d00
[    0.000000] kvm-clock: using sched offset of 3565788138 cycles
[    0.000000] clocksource: kvm-clock: mask: 0xffffffffffffffff max_cycles: 0x1cd42e4dffb, max_idle_ns: 881590591483 ns
[    0.000000] Zone ranges:
[    0.000000]   DMA      [mem 0x0000000000001000-0x0000000000ffffff]
[    0.000000]   DMA32    [mem 0x0000000001000000-0x000000003ffeffff]
[    0.000000]   Normal   empty
[    0.000000]   Device   empty
[    0.000000] Movable zone start for each node
[    0.000000] Early memory node ranges
[    0.000000]   node   0: [mem 0x0000000000001000-0x000000000009efff]
[    0.000000]   node   0: [mem 0x0000000000100000-0x000000003ffeffff]
[    0.000000] Reserved but unavailable: 114 pages
[    0.000000] Initmem setup node 0 [mem 0x0000000000001000-0x000000003ffeffff]
[    0.000000] ACPI: PM-Timer IO Port: 0x4008
[    0.000000] IOAPIC[0]: apic_id 2, version 32, address 0xfec00000, GSI 0-23
[    0.000000] ACPI: INT_SRC_OVR (bus 0 bus_irq 0 global_irq 2 dfl dfl)
[    0.000000] ACPI: INT_SRC_OVR (bus 0 bus_irq 9 global_irq 9 low level)
[    0.000000] Using ACPI (MADT) for SMP configuration information
[    0.000000] smpboot: Allowing 2 CPUs, 0 hotplug CPUs
[    0.000000 PM: Registered nosave memory: [mem 0x00000000-0x00000fff]
[    0.000000] PM: Registered nosave memory: [mem 0x0009f000-0x0009ffff]
[    0.000000] PM: Registered nosave memory: [mem 0x000a0000-0x000effff]
[    0.000000] PM: Registered nosave memory: [mem 0x000f0000-0x000fffff]
[    0.000000] e820: [mem 0x40000000-0xfebfffff] available for PCI devices
[    0.000000] Booting paravirtualized kernel on KVM
[    0.000000] clocksource: refined-jiffies: mask: 0xffffffff max_cycles: 0xffffffff, max_idle_ns: 7645519600211568 ns
[    0.000000] random: get_random_bytes called from start_kernel+0x99/0x4fd with crng_init=0
[    0.000000] setup_percpu: NR_CPUS:8192 nr_cpumask_bits:2 nr_cpu_ids:2 nr_node_ids:1
[    0.000000] percpu: Embedded 46 pages/cpu @        (ptrval) s151552 r8192 d28672 u1048576
[    0.000000] PV qspinlock hash table entries: 256 (order: 0, 4096 bytes)
[    0.000000] Built 1 zonelists, mobility grouping on.  Total pages: 257913
[    0.000000] Policy zone: DMA32
[    0.000000] Kernel command line: BOOT_IMAGE=/boot/vmlinuz-4.15.0-50-generic root=LABEL=cloudimg-rootfs ro console=tty1 console=ttyS0
[    0.000000] Memory: 983596K/1048120K available (12300K kernel code, 2474K rwdata, 4276K rodata, 2412K init, 2416K bss, 64524K reserved, 0K cma-reserved)
[    0.000000] SLUB: HWalign=64, Order=0-3, MinObjects=0, CPUs=2, Nodes=1
[    0.000000] Kernel/User page tables isolation: enabled
[    0.000000] ftrace: allocating 39233 entries in 154 pages
[    0.004000] Hierarchical RCU implementation.
[    0.004000] 	RCU restricting CPUs from NR_CPUS=8192 to nr_cpu_ids=2.
[    0.004000] 	Tasks RCU enabled.
[    0.004000] RCU: Adjusting geometry for rcu_fanout_leaf=16, nr_cpu_ids=2
[    0.004000] NR_IRQS: 524544, nr_irqs: 440, preallocated irqs: 16
[    0.004000] Console: colour VGA+ 80x25
[    0.004000] console [tty1] enabled
[    0.004000] console [ttyS0] enabled
[    0.004000] ACPI: Core revision 20170831
[   .004000] ACPI: 2 ACPI AML tables succesflly acquired and loaded
[    0.004000] APIC: Switch to symmetric I/O mode setup
[    0.004000] x2apic enabled
[    0.004000] Switched APIC routing to physical x2apic.
[    0.004000] ..TIMER: vector=0x30 apic1=0 pin1=2 apic2=-1 pin2=-1
[    0.004006] tsc: Detected 2194.920 MHz processor
[    0.004838] Calibrating delay loop (skipped) preset value.. 4389.84 BogoMIPS (lpj=8779680)
[    0.008008] pid_max: default: 32768 minimum: 301
[    0.009198] Security Framework initialized
[    0.012005] Yama: becoming mindful.
[    0.016041] AppArmor: AppArmor initialized
[    0.017711] Dentry cache hash table entries: 131072 (order: 8, 1048576 bytes)
[    0.020090] Inode-cache hash table entries: 65536 (order: 7, 524288 bytes)
[    0.024031] Mount-cache hash table entries: 2048 (order: 2, 16384 bytes)
[    0.028017] Mountpoint-cache hash table entries: 2048 (order: 2, 16384 bytes)
[    0.029502] mce: CPU supports 0 MCE banks
[    0.032019] Last level iTLB entries: 4KB 64, 2MB 8, 4MB 8
[    0.032980] Last level dTLB entries: 4KB 64, 2MB 0, 4MB 0, 1GB 4
[    0.034000] Spectre V2 : Mitigation: Full generic retpoline
[    0.034968] Spectre V2 : Spectre v2 / SpectreRSB mitigation: Filling RSB on context switch
[    0.036007] Speculative Store Bypass: Vulnerable
[    0.036902] MDS: Vulnerable: Clear CPU buffers attempted, no microcode
[    0.038102] Freeing SMP alternatives memory: 36K
[    0.044000] smpboot: CPU0: Intel(R) Core(TM) i5-5200U CPU @ 2.20GHz (family: 0x6, model: 0x3d, stepping: 0x4)
[    0.044133] Performance Events: unsupported p6 CPU model 61 no PMU driver, software events only.
[    0.048076] Hierarchical SRCU implementation.
[    0.049653] NMI watchdog: Perf event create on CPU 0 failed with -2
[    0.052004] NMI watchdog: Perf NMI watchdog permanently disabled
[    0.053105] smp: Bringing up secondary CPUs ...
[    0.054026] x86: Booting SMP configuration:
[    0.054785] .... node  #0, CPUs:      #1
[    0.004000] kvm-clock: cpu 1, msr 0:3ff44041, secondary cpu clock
[    0.004000] mce: CPU supports 0 MCE banks
[    0.090470] smp: Brought up 1 node, 2 CPUs
[    0.090470] smpboot: Max logical packages: 1
[    0.092009] smpboot: Total of 2 processors activated (8779.68 BogoMIPS)
[    0.093308] devtmpfs: initialized
[    0.093308] x86/mm: Memory block size: 128MB
[    0.093648] evm: security.selinux
[    0.096006] evm: security.SMACK64
[    0.096804] evm: security.SMACK64EXEC
[    0.097638] evm: security.SMACK64TRANSMUTE
[    0.100010] evm: security.SMACK64MMAP
[    0.104008] evm: security.apparmor
[    0.104930] evm: security.ima
[    0.108003] evm: security.capability
[    0.109052] clocksource: jiffies: mask: 0xffffffff max_cycles: 0xffffffff, max_idle_ns: 7645041785100000 ns
[    0.109791] futex hash table entries: 512 (order: 3, 32768 bytes)
[    0.112093] pinctrl core: initialized pinctrl subsystem
[    0.113702] RTC time: 20:21:43, date: 06/03/19
[    0.114769] NET: Registered protocol family 16
[    0.116109] audit: initializing netlink subsys (disabled)
[    0.117345] audit: type=2000 audit(1559593307.977:1): state=initialized audit_enabled=0 res=1
[    0.128013] cpuidle: using governor ladder
[    0.132014] cpuidle: using governor menu
[    0.132801] ACPI: bus type PCI registered
[    0.133609] acpiphp: ACPI Hot Plug PCI Controller Driver version: 0.5
[    0.136173] PCI: Using configuration type 1 for base access
[    0.140045] HugeTLB registered 2.00 MiB page size, pre-allocated 0 pages
[    0.144157] ACPI: Added _OSI(Module Device)
[    0.148027] ACPI: Added _OSI(Processor Device)
[    0.152009] ACPI: Added _OSI(3.0 _SCP Extensions)
[    0.152946] ACPI: Added _OSI(Processor Aggregator Device)
[    0.156012] ACPI: Added _OSI(Linux-Dell-Video)
[    0.160011] ACPI: Added _OSI(Linux-Lenovo-NV-HDMI-Audio)
[    0.164009] ACPI: Added _OSI(Linux-HPI-Hybrid-Graphics)
[    0.168476] ACPI: Executed 1 blocks of module-level executable AML code
[    0.179066] ACPI: Interpreter enabled
[    0.180032] ACPI: (supports S0 S5)
[    0.180917] ACPI: Using IOAPIC for interrupt routing
[    0.182343] PCI: Using host bridge windows from ACPI; if necessary, use "pci=nocrs" and report a bug
[    0.184129] ACPI: Enabled 2 GPEs in block 00 to 07
[    0.193630] ACPI: PCI Root Bridge [PCI0] (domain 0000 [bus 00-ff])
[    0.196023] acpi PNP0A03:00: _OSC: OS supports [ASPM ClockPM Segments MSI]
[    0.200060] acpi PNP0A03:00: _OSC: not requesting OS control; OS requires [ExtendedConfig ASPM ClockPM MSI]
[    0.204031] acpi PNP0A03:00: fail to add MMCONFIG information, can't access extended PCI configuration space under this bridge.
[    0.208545] PCI host bridge to bus 0000:00
[    0.209611] pci_bus 0000:00: root bus resource [io  0x0000-0x0cf7 window]
[    0.211291] pci_bus 0000:00: root bus resource [io  0x0d00-0xffff window]
[    0.212010] pci_bus 0000:00: root bus resource [mem 0x000a0000-0x000bffff window]
[    0.216012] pci_bus 0000:00: root bus resource [mem 0x40000000-0xfdffffff window]
[    0.217702] pci_bus 0000:00: root bus resource [bus 00-ff]
[    0.221202] pci 0000:00:01.1: legacy IDE quirk: reg 0x10: [io  0x01f0-0x01f7]
[    0.222782] pci 0000:00:01.1: legacy IDE quirk: reg 0x14: [io  0x03f6]
[    0.224008] pci 0000:00:01.1: legacy IDE quirk: reg 0x18: [io  0x0170-0x0177]
[    0.226278] pci 0000:00:01.1: legacy IDE quirk: reg 0x1c: [io  0x0376]
[    0.251533] pci 0000:00:07.0: quirk: [io  0x4000-0x403f] claimed by PIIX4 ACPI
[    0.252041] pci 0000:00:07.0: quirk: [io  0x4100-0x410f] claimed by PIIX4 SMB
[    0.268125] ACPI: PCI Interrupt Link [LNKA] (IRQs 5 9 10 *11)
[    0.270290] ACPI: PCI Interrupt Link [LNKB] (IRQs 5 9 *10 11)
[    0.271969] ACPI: PCI Interrupt Link [LNKC] (IRQs 5 *9 10 11)
[    0.272236] ACPI: PCI Interrupt Link [LNKD] (IRQs 5 9 10 *11)
[    0.276573] SCSI subsystem initialized
[    0.279467] pci 0000:00:02.0: vgaarb: setting as boot VGA device
[    0.279467] pci 0000:00:02.0: vgaarb: VGA device added: decodes=io+mem,owns=io+mem,locks=none
[    0.280011] pci 0000:00:02.0: vgaarb: bridge control possible
[    0.281449] vgaarb: loaded
[    0.282276] ACPI: bus type USB registered
[    0.284045] usbcore: registered new interface driver usbfs
[    0.288038] usbcore: registered new interface driver hub
[    0.289310] usbcore: registered new device driver usb
[    0.292114] EDAC MC: Ver: 3.0.0
[    0.293062] PCI: Using ACPI for IRQ routing
[    0.296347] NetLabel: Initializing
[    0.297169] NetLabel:  domain hash size = 128
[    0.300008] NetLabel:  protocols = UNLABELED CIPSOv4 CALIPSO
[    0.304032] NetLabel:  unlabeled traffic allowed by default
[    0.305090] clocksource: Switched to clocksource kvm-clock
[    0.316596] VFS: Disk quotas dquot_6.6.0
[    0.338680] VFS: Dquot-cache hash table entries: 512 (order 0, 4096 bytes)
[    0.340560] AppArmor: AppArmor Filesystem Enabled
[    0.341939] pnp: PnP ACPI init
[    0.344190] pnp PnP ACPI: found 3 devices

[    0.379852] clocksource: acpi_pm: mask: 0xffffff max_cycles: 0xffffff, max_idle_ns: 2085701024 ns
[    0.382076] NET: Registered protocol family 2
[    0.384453] TCP established hash table entries: 8192 (order: 4, 65536 bytes)
[    0.391567] TCP bind hash table entries: 8192 (order: 5, 131072 bytes)
[    0.393344] TCP: Hash tables configured (established 8192 bind 8192)
[    0.394946] UDP hash table entries: 512 (order: 2, 16384 bytes)
[    0.396437] UDP-Lite hash table entries: 512 (order: 2, 16384 bytes)
[    0.398035] NET: Registered proocol family 1
[    0.427631] pci 0000:00:00.0: Limiting direct PCI/PCI transfers
[    0.429164] pci 0000:00:01.0: Activating ISA DMA hang workarounds
[    0.430726] pci 0000:00:02.0: Video device with shadowed ROM at [mem 0x000c0000-0x000dffff]
[    0.433081] Unpacking initramfs...

[    0.748578] Freeing initrd memory: 18980K
[    0.755040] clocksource: tsc: mask: 0xffffffffffffffff max_cycles: 0x1fa373f688b, max_idle_ns: 440795233648 ns
[    0.756945] platform rtc_cmos: registered platform RTC device (no PNP device found)
[    0.758320] Scanning for low memory corruption every 60 seconds
[    0.775428] Initialise system trusted keyrings
[    0.776685] Key type blacklist registered
[    0.777872] workingset: timestamp_bits=36 max_order=18 bucket_order=0
[    0.787136] zbud: loaded
[    0.788766] squashfs: version 4.0 (2009/01/31) Phillip Lougher
[    0.793500] fuse init (API version 7.26)
[    0.799827] Key type asymmetric registered
[    0.806009] Asymmetric key parser 'x509' registered
[    0.806943] Block layer SCSI generic (bsg) driver version 0.4 loaded (major 246)
[    0.813901] io scheduler noop registered
[    0.814974] io scheduler deadline registered
[    0.817127] io scheduler cfq registered (default)
[    0.823990] ACPI: AC Adapter [AC] (on-line)
[    0.825058] input: Power Button as /devices/LNXSYSTM:00/LNXPWRBN:00/input/input0
[    0.826764] ACPI: Power Button [PWRF]
[    0.827709] input: Sleep Button as /devices/LNXSYSTM:00/LNXSLPBN:00/input/input1
[    0.834689] ACPI: Sleep Button [SLPF]
[    0.837238] ACPI: Battery Slot [BAT0] (battery present)
[    0.838671] Serial: 8250/16550 driver, 32 ports, IRQ sharing enabled
[    0.876930] 00:02: ttyS0 at I/O 0x3f8 (irq = 4, base_baud = 115200) is a 16550A
[    0.886957] Linux agpgart interface v0.103
[    0.889919] loop: module loaded
[    0.891370] scsi host0: ata_piix
[    0.892392] scsi host1: ata_piix
[    0.893352] ata1: PATA max UDMA/33 cmd 0x1f0 ctl 0x3f6 bmdma 0xd000 irq 14
[    0.900437] ata2: PATA max UDMA/33 cmd 0x170 ctl 0x376 bmdma 0xd008 irq 15
[    0.918589] libphy: Fixed MDIO Bus: probed
[    0.925153] tun: Universal TUN/TAP device driver, 1.6
[    0.926620] PPP generic driver version 2.4.2
[    0.927886] ehci_hcd: USB 2.0 'Enhanced' Host Controller (EHCI) Driver
[    0.940010] ehci-pci: EHCI PCI platform driver
[    0.946402] ehci-platform: EHCI generic platform driver
[    0.947633] ohci_hcd: USB 1.1 'Open' Host Controller (OHCI) Driver
[    0.950113] ohci-pci: OHCI PCI platform driver
[    0.956450] ohci-platform: OHCI generic platform driver
[    0.957650] uhci_hcd: USB Universal Host Controller Interface driver
[    0.959302] i8042: PNP: PS/2 Controller [PNP0303:PS2K,PNP0f03:PS2M] at 0x60,0x64 irq 1,12
[    0.967385] serio: i8042 KBD port at 0x60,0x64 irq 1
[    0.968740] serio: i8042 AUX port at 0x60,0x64 irq 12
[    0.975531] mousedev: PS/2 mouse device common for all mice
[    0.977772] input: AT Translated Set 2 keyboard as /devices/platform/i8042/serio0/input/input2
[    0.980293] rtc_cmos rtc_cmos: rtc core: registered rtc_cmos as rtc0
[    0.981944] rtc_cmos rtc_cmos: alarms up to one day, 114 bytes nvram
[    0.983510] i2c /dev entries driver
[    0.987537] pcie_mp2_amd: AMD(R) PCI-E MP2 Communication Driver Version: 1.0
[    0.989423] device-mapper: uevent: version 1.0.3
[    0.990781] device-mapper: ioctl: 4.37.0-ioctl (2017-09-20) initialised: dm-devel@redhat.com
[    0.994087] ledtrig-cpu: registered to indicate activity on CPUs
[    0.996206] NET: Registered protocol family 10
[    1.003360] Segment Routing with IPv6
[    1.004431] NET: Registered protocol family 17
[    1.011002] Key type dns_resolver registered
[    1.012424] RAS: Correctable Errors collector initialized.
[    1.013809] sched_clock: Marking stable (1012365519, 0)->(1835526545, -823161026)
[    1.016335] registered taskstats version 1
[    1.017402] Loading compiled-in X.509 certificates
[    1.021460] Loaded X.509 cert 'Build time autogenerated kernel key: 0d5cb4b7de8533fd8e7240d711ae9d354ea3dca1'
[    1.038301] zswap: loaded using pool lzo/zbud
[    1.051469] Key type big_key registered
[    1.052298] Key type trusted registered
[    1.055408] Key type encrypted registered
[    1.056787] AppArmor: AppArmor sha1 policy hashing enabled
[    1.063614] ima: No TPM chip found, activating TPM-bypass! (rc=-19)
[    1.070255] ima: Allocated hash algorithm: sha1
[    1.071481] evm: HMAC attrs: 0x1
[    1.072695]   Magic number: 7:170:396
[    1.073797] rtc_cmos rtc_cmos: setting system clock to 2019-06-03 20:21:44 UTC (1559593304)
[    1.076083] BIOS EDD facility v0.16 2004-Jun-25, 0 devices found
[    1.077596] EDD information not available.
[    1.082079] Freeing unused kernel image memory: 2412K
[    1.116215] Write protecting the kernel read-only data: 20480k
[    1.129384] Freeing unused kernel image memory: 2008K
[    1.136345] Freeing unused kernel image memory: 1868K
[    1.145013] x86/mm: Checked W+X mappings: passed, no W+X pages found.
[    1.146222] x86/mm: Checking user space page tables
[    1.154121] x86/mm: Checked W+X mappings: passed, no W+X pages found.
Loading, please wait...
starting version 237
[    1.260984] e1000: Intel(R) PRO/1000 Network Driver - version 7.3.21-k8-NAPI
[    1.263806] e1000: Copyright (c) 1999-2006 Intel Corporation.
[    1.292169] Fusion MPT base driver 3.04.20
[    1.300650] Copyright (c) 1999-2008 LSI Corporation
[    1.331223] Fusion MPT SPI Host driver 3.04.20
[    1.337711] AVX2 version of gcm_enc/dec engaged.
[    1.353345] AES CTR mode by8 optimization enabled
[    1.523608] input: ImExPS/2 Generic Explorer Mouse as /devices/platform/i8042/serio1/input/input4
[    1.705438] e1000 0000:00:03.0 eth0: (PCI:33MHz:32-bit) 02:89:59:7e:34:d3
[    1.711298] e1000 0000:00:03.0 eth0: Intel(R) PRO/1000 Network Connection
[    1.713977] mptbase: ioc0: Initiating bringup
[    1.714294] e1000 0000:00:03.0 enp0s3: renamed from eth0
[    2.466929] ioc0: LSI53C1030 A0: Capabilities={Initiator}
[    2.977537] scsi host2: ioc0: LSI53C1030 A0, FwRev=00000000h, Ports=1, MaxQ=256, IRQ=20
[    4.086173] scsi 2:0:0:0: Direct-Access     VBOX     HARDDISK         1.0  PQ: 0 ANSI: 5
[    4.120142] scsi target2:0:0: Beginning Domain Validation
[    4.137647] scsi target2:0:0: Domain Validation skipping write tests
[    4.139580] scsi target2:0:0: Ending Domain Validation
[    4.141033] scsi target2:0:0: asynchronous
[    4.142737] scsi 2:0:1:0: Direct-Access     VBOX     HARDDISK         1.0  PQ: 0 ANSI: 5
[    4.176079] scsi target2:0:1: Beginning Domain Validation
[    4.187769] random: fast init done
[    4.197921] scsi target2:0:1: Domain Validation skipping write tests
[    4.216661] scsi target2:0:1: Ending Domain Validation
[    4.224513] scsi target2:0:1: asynchronous
[    4.229749] random: systemd-udevd: uninitialized urandom read (16 bytes read)
[    4.231066] random: systemd-udevd: uninitialized urandom read (16 bytes read)
[    4.232282] random: systemd-udevd: uninitialized urandom read (16 bytes read)
[    4.234119] sd 2:0:0:0: Attached scsi generic sg0 type 0
[    4.234312] sd 2:0:0:0: [sda] 20971520 512-byte logical blocks: (10.7 GB/10.0 GiB)
[    4.234375] sd 2:0:0:0: [sda] Write Protect is off
[    4.234490] sd 2:0:0:0: [sda] Incomplete mode parameter data
[    4.234492] sd 2:0:0:0: [sda] Assuming drive cache: write through
[    4.235580]  sda: sda1
[    4.236043] sd 2:0:0:0: [sda] Attached SCSI disk
[    4.286553] sd 2:0:1:0: Attached scsi generic sg1 type 0
[    4.286700] sd 2:0:1:0: [sdb] 20480 512-byte logical blocks: (10.5 MB/10.0 MiB)
[    4.286745] sd 2:0:1:0: [sdb] Write Protect is off
[    4.286829] sd 2:0:1:0: [sdb] Incomplete mode parameter data
[    4.286830] sd 2:0:1:0: [sdb] Assuming drive cache: write through
[    4.289222] sd 2:0:1:0: [sdb] Attached SCSI disk
Begin: Loading essential drivers ... [    5.928770] raid6: sse2x1   gen()  7665 MB/s
[    5.976792] raid6: sse2x1   xor()  5760 MB/s
[    6.040411] raid6: sse2x2   gen()  9795 MB/s
[    6.094561] raid6: sse2x2   xor()  6540 MB/s
[    6.160535] raid6: sse2x4   gen() 11592 MB/s
[    6.214538] raid6: sse2x4   xor()  8130 MB/s
[    6.284441] raid6: avx2x1   gen() 16998 MB/s
[    6.332231] raid6: avx2x1   xor()  9898 MB/s
[    6.380580] raid6: avx2x2   gen() 18703 MB/s
[    6.434466] raid6: avx2x2   xor() 12095 MB/s
[    6.504365] raid6: avx2x4   gen() 21445 MB/s
[    6.574342] raid6: avx2x4   xor() 13932 MB/s
[    6.594712] raid6: using algorithm avx2x4 gen() 21445 MB/s
[    6.596219] raid6: .... xor() 13932 MB/s, rmw enabled
[    6.597504] raid6: using avx2x2 recovery algorithm
[    6.600484] xor: automatically using best checksumming function   avx       
[    6.609739] async_tx: api initialized (async)
done.
Begin: Running /scripts/init-premount ... done.
Begin: Mounting root file system ... Begin: Running /scripts/local-top ... done.
Begin: Running /scripts/local-premount ... [    6.670629] Btrfs loaded, crc32c=crc32c-intel
Scanning for Btrfs filesystems
done.
Warning: fsck not present, so sk[    6.718553] EXT4-fs (sda1): mounted filesystem with ordered data mode. Opts: (null)
ipping root file system
done.
Begin: Running /scripts/local-bottom ... done.
Begin: Running /scripts/init-bottom ... done.
[    6.989416] ip_tables: (C) 2000-2006 Netfilter Core Team
[    6.999527] systemd[1]: systemd 237 running in system mode. (+PAM +AUDIT +SELINUX +IMA +APPARMOR +SMACK +SYSVINIT +UTMP +LIBCRYPTSETUP +GCRYPT +GNUTLS +ACL +XZ +LZ4 +SECCOMP +BLKID +ELFUTILS +KMOD -IDN2 +IDN -PCRE2 default-hierarchy=hybrid)
[    7.005464] systemd[1]: Detected virtualization oracle.
[    7.024973] systemd[1]: Detected architecture x86-64.

Welcome to [1mUbuntu 18.04.2 LTS[0m!

[    7.033843] systemd[1]: Set hostname to <ubuntu>.
[    7.037496] systemd[1]: Initializing machine ID from random generator.
[    7.044461] systemd[1]: Installed transient /etc/machine-id file.
[    7.329940] systemd[1]: Reached target Swap.
[[0;32m  OK  [0m] Reached target Swap.
[    7.337789] systemd[1]: Set up automount Arbitrary Executable File Formats File System Automount Point.
[[0;32m  OK  [0m] Set up automount Arbitrary Executab…rmats File System Automount Point.
[    7.345575] systemd[1]: Created slice User and Session Slice.
[[0;32m  OK  [0m] Created slice User and Session Slice.
[    7.348850] systemd[1]: Created slice System Slice.
[[0;32m  OK  [0m] Created slice System Slice.
[[0;32m  OK  [0m] Listening on LVM2 poll daemon socket.
[[0;32m  OK  [0m] Listening on udev Kernel Socket.
[[0;32m  OK  [0m] Listening on Network Service Netlink Socket.
[[0;32m  OK  [0m] Listening on Journal Socket (/dev/log).
[[0;32m  OK  [0m] Listening on Device-mapper event daemon FIFOs.
[[0;32m  OK  [0m] Listening on Journal Socket.
         Starting Create list of required st…ce nodes for the current kernel...
         Mounting POSIX Message Queue File System...
[[0;32m  OK  [0m] Created slice system-serial\x2dgetty.slice.
         Starting Load Kernel Modules...
[[0;32m  OK  [0m] Listening on LVM2 metadata daemon socket.
[    7.446678] Loading iSCSI transport class v2.0-870.
         Starting Monitoring of LVM2 mirr[    7.491184] iscsi: registered transport (tcp)
ors…ng dmeventd or progress polling...
[[0;32m  OK  [0m] Started Forward Password Requests to Wall Directory Watch.
[[0;32m  OK  [0m] Listening on udev Control Socket.
         Starting udev Coldplug all Devices...
[[0;32m  OK  [0m] Reached target System Time Synchronized.
         Starting Set the console keyboard layout...
[[0;32m  OK  [0m] Listening on Syslog Socket.
[    7.577259] iscsi: registered transport (iser)
[[0;32m  OK  [0m] Listening on Journal Audit Socket.
         Starting Journal Service...
         Starting Uncomplicated firewall...
         Mounting Huge Pages File System...
[[0;32m  OK  [0m] Reached target Slices.
[[0;32m  OK  [0m] Reached target User and Group Name Lookups.
         Mounting Kernel Debug File System...
[[0;32m  OK  [0m] Listening on /dev/initctl Compatibility Named Pipe.
         Starting Remount Root and Kernel File Systems...
[[0;32m  OK  [0m] Started Journal Service.
[[0;32m  OK  [0m] Started Create list of required sta…vice nodes for the current kernel.
[[0;32m  OK  [0m] Mounted POSIX Message Queue File System.
[    7.719784] EXT4-fs (sda1): re-mounted. Opts: (null)
[[0;32m  OK  [0m] Started Load Kernel Modules.
[[0;32m  OK  [0m] Started Uncomplicated firewall.
[[0;32m  OK  [0m] Mounted Huge Pages File System.
[[0;32m  OK  [0m] Mounted Kernel Debug File System.
[[0;32m  OK  [0m] Started Remount Root and Kernel File Systems.
[[0;32m  OK  [0m] Started LVM2 metadata daemon.
         Starting Load/Save Random Seed...
         Mounting FUSE Control File System...
         Starting Apply Kernel Variables...
         Mounting Kernel Configuration File System...
         Starting Create Static Device Nodes in /dev...
         Starting Flush Journal to Persistent Storage...
[[0;32m  OK  [0m] Started Monitoring of LVM2 mirrors,…sing dmeventd or progress polling.
[[0;32m  OK  [0m] Started udev Coldplug all Devices.
[[0;32m  OK  [0m] Started Load/Save Random Seed.
[[0;32m  OK  [0m] Mounted FUSE Control File System.
[[0;32m  OK  [0m] Mounted Kernel Configuration File System.
[[0;32m  OK  [0m] Started Create Static Device Nodes in /dev.
         Starting udev Kernel Device Manager...
[[0;32m  OK  [0m] Started Apply Kernel Variables.
[[0;32m  OK  [0m] Started udev Kernel Device Manager.
[[0;32m  OK  [0m] Started Flush Journal to Persistent Storage.
[[0;32m  OK  [0m] Found device /dev/ttyS0.
[[0;32m  OK  [0m] Listening on Load/Save RF Kill Switch Status /dev/rfkill Watch.
[[0;32m  OK  [0m] Started Set the console keyboard layout.
[[0;32m  OK  [0m] Started Dispatch Password Requests to Console Directory Watch.
[[0;32m  OK  [0m] Reached target Local Encrypted Volumes.
[[0;32m  OK  [0m] Reached target Local File Systems (Pre).
[[0;32m  OK  [0m] Reached target Local File Systems.
         Starting Tell Plymouth To Write Out Runtime Data...
         Starting Commit a transient machine-id on disk...
         Starting AppArmor initialization...
         Starting Set console font and keymap...
         Starting Create Volatile Files and Directories...
         Starting ebtables ruleset management...
[[0;32m  OK  [0m] Started Tell Plymouth To Write Out Runtime Data.
[[0;32m  OK  [0m] Started Commit a transient machine-id on disk.
[[0;32m  OK  [0m] Started Set console font and keymap.
[[0;32m  OK  [0m] Started Create Volatile Files and Directories.
         Starting Update UTMP about System Boot/Shutdown...
[[0;32m  OK  [0m] Started Update UTMP about System Boot/Shutdown.
[[0;32m  OK  [0m] Started ebtables ruleset management.
[[0;32m  OK  [0m] Started AppArmor initialization.
         Starting Initial cloud-init job (pre-networking)...
[   11.303502] cloud-init[697]: Cloud-init v. 19.1-1-gbaa47854-0ubuntu1~18.04.1 running 'init-local' at Mon, 03 Jun 2019 20:21:54 +0000. Up 10.84 seconds.
[[0;32m  OK  [0m] Started Initial cloud-init job (pre-networking).
[[0;32m  OK  [0m] Reached target Network (Pre).
         Starting Network Service...
[[0;32m  OK  [0m] Started Network Service.
         Starting Wait for Network to be Configured...
         Starting Network Name Resolution...
[[0;32m  OK  [0m] Started Network Name Resolution.
[[0;32m  OK  [0m] Reached target Host and Network Name Lookups.
[[0;32m  OK  [0m] Reached target Network.
[[0;32m  OK  [0m] Started Wait for Network to be Configured.
         Starting Initial cloud-init job (metadata service crawler)...
[   13.139070] cloud-init[809]: Cloud-init v. 19.1-1-gbaa47854-0ubuntu1~18.04.1 running 'init' at Mon, 03 Jun 2019 20:21:56 +0000. Up 12.97 seconds.
[   13.141619] cloud-init[809]: ci-info: ++++++++++++++++++++++++++++++++++++++Net device info++++++++++++++++++++++++++++++++++++++
[   13.143739] cloud-init[809]: ci-info: +--------+------+----------------------------+---------------+--------+-------------------+
[   13.150057] cloud-init[809]: ci-info: | Device |  Up  |          Address           |      Mask     | Scope  |     Hw-Address    |
[   13.172556] cloud-init[809]: ci-info: +--------+------+----------------------------+---------------+--------+-------------------+
[   13.174731] cloud-init[809]: ci-info: | enp0s3 | True |         10.0.2.15          | 255.255.255.0 | global | 02:89:59:7e:34:d3 |
[   13.199744] cloud-init[809]: ci-info: | enp0s3 | True | fe80::89:59ff:fe7e:34d3/64 |       .       |  link  | 02:89:59:7e:34:d3 |
[   13.204204] cloud-init[809]: ci-info: |   lo   | True |         127.0.0.1          |   255.0.0.0   |  host  |         .         |
[   13.206417] cloud-init[809]: ci-info: |   lo   | True |          ::1/128           |       .       |  host  |         .         |
[   13.208514] cloud-init[809]: ci-info: +--------+------+----------------------------+---------------+--------+-------------------+
[   13.210601] cloud-init[809]: ci-info: ++++++++++++++++++++++++++++Route IPv4 info+++++++++++++++++++++++++++++
[   13.252618] cloud-init[809]: ci-info: +-------+-------------+----------+-----------------+-----------+-------+
[   13.260452] cloud-init[809]: ci-info: | Route | Destination | Gateway  |     Genmask     | Interface | Flags |
[   13.262995] cloud-init[809]: ci-info: +-------+-------------+----------+-----------------+-----------+-------+
[   13.264872] cloud-init[809]: ci-info: |   0   |   0.0.0.0   | 10.0.2.2 |     0.0.0.0     |   enp0s3  |   UG  |
[   13.283392] cloud-init[809]: ci-info: |   1   |   10.0.2.0  | 0.0.0.0  |  255.255.255.0  |   enp0s3  |   U   |
[   13.285249] cloud-init[809]: ci-info: |   2   |   10.0.2.2  | 0.0.0.0  | 255.255.255.255 |   enp0s3  |   UH  |
[   13.287038] cloud-init[809]: ci-info: +-------+-------------+----------+-----------------+-----------+-------+
[   13.288826] cloud-init[809]: ci-info: +++++++++++++++++++Route IPv6 info+++++++++++++++++++
[   13.290377] cloud-init[809]: ci-info: +-------+-------------+---------+-----------+-------+
[   13.316342] cloud-init[809]: ci-info: | Route | Destination | Gateway | Interface | Flags |
[   13.344771] cloud-init[809]: ci-info: +-------+-------------+---------+-----------+-------+
[   13.346878] cloud-init[809]: ci-info: |   1   |  fe80::/64  |    ::   |   enp0s3  |   U   |
[   13.349070] cloud-init[809]: ci-info: |   3   |    local    |    ::   |   enp0s3  |   U   |
[   13.353808] cloud-init[809]: ci-info: |   4   |   ff00::/8  |    ::   |   enp0s3  |   U   |
[   13.356236] cloud-init[809]: ci-info: +-------+-------------+---------+-----------+-------+
[   14.141202] cloud-init[809]: Generating public/private rsa key pair.
[   14.145115] cloud-init[809]: Your identification has been saved in /etc/ssh/ssh_host_rsa_key.
[   14.146677] cloud-init[809]: Your public key has been saved in /etc/ssh/ssh_host_rsa_key.pub.
[   14.192252] cloud-init[809]: The key fingerprint is:
[   14.196748] cloud-init[809]: SHA256:gyZKsc54L4AEmi2IjMU/uIbo91k5EKX445Ppap77Bow root@ubuntu-bionic
[   14.198351] cloud-init[809]: The key's randomart image is:
[   14.199421] cloud-init[809]: +---[RSA 2048]----+
[   14.200304] cloud-init[809]: | .     .         |
[[0;32m  OK  [0m[   14.224514] ] cloud-initStarted Initial cloud-init job (metadata service crawler).[809]: 
|. o . o          |
[[   14.228993] cloud-init[809]: |B+.+ o           |
[   14.229355] cloud-init[809]: |Booo+ ..         |
[   14.230071] cloud-init[809]: |+o=..=o S        |
[   14.230827] cloud-init[809]: |=Eo+.o= ..       |
[   14.231537] cloud-init[809]: |oo= .= +         |
[   14.232611] cloud-init[809]: | o.+o.+ .        |
[   14.233209] cloud-init[809]: |  +*B=           |
[   14.233945] cloud-init[809]: +----[SHA256]-----+
[   14.234343] cloud-init[809]: Generating public/private dsa key pair.
[   14.234764] cloud-init[809]: Your identification has been saved in /etc/ssh/ssh_host_dsa_key.
[   14.235195] cloud-init[809]: Your public key has been saved in /etc/ssh/ssh_host_dsa_key.pub.
[0;32m  OK  [0m[   14.235404] ] cloud-initReached target System Initialization.[809]: 
The key fingerprint is:
[   14.235461] cloud-init[809]: SHA256:fCyO7ZZhhX91Zfq9Ypd4Si3l3i1ON14S7nITMbpnIxE root@ubuntu-bionic
[[0;32m  OK  [0m[   14.259654] cloud-init[809]: The key's randomart image is:
[   14.260371] cloud-init[809]: +---[DSA 1024]----+
[   14.260921] cloud-init[809]: |                 |
[   14.261409] cloud-init[809]: |                o|
[   14.261938] cloud-init[809]: |         .     o.|
[   14.262465] cloud-init[809]: |       .... E = .|
[   14.262983] cloud-init[809]: |        Soo  +.*.|
[   14.263498] cloud-init[809]: |       +oo. +.=.o|
[   14.264081] cloud-init[809]: |      ..oo . ====|
[   14.264535] cloud-init[809]: |       .o   =*@B=|
[   14.265069] cloud-init[809]: |       ..   .OB*o|
[   14.265490] cloud-init[809]: +----[SHA256]-----+
[   14.265922] cloud-init[809]: Generating public/private ecdsa key pair.
[   14.266370] cloud-init[809]: Your identification has been saved in /etc/ssh/ssh_host_ecdsa_key.
[   14.266814] cloud-init[809]: Your public key has been saved in /etc/ssh/ssh_host_ecdsa_key.pub.
[   14.267258] cloud-init[809]: The key fingerprint is:
[   14.267683] cloud-init[809]: SHA256:VDJtvkpQPfZ/8gPDPHgy4s/FVl21RhNrZgFo3LfYWVw root@ubuntu-bionic
[   14.268356] cloud-init[809]: The key's randomart image is:
[   14.268558] cloud-init[809]: +---[ECDSA 256]---+
] Started Daily Cleanup of Temporary Directories.
[   14.268662] cloud-init[809]: |        ooo o..*E|
[   14.320503] cloud-init[809]: |        .+*+ ...O|
[[   14.321845] cloud-init[809]: |       ..+.o  +B=|
[   14.322353] cloud-init[809]: |      ..  . ..=+o|
[   14.322930] cloud-init[809]: |       .S  .+. ..|
[   14.323506] cloud-init[809]: |        ...+.B+ .|
[   14.324057] cloud-init[809]: |       .... ++++ |
[   14.324479] cloud-init[809]: |        ... o  ..|
[   14.324941] cloud-init[809]: |          .o    .|
[   14.325357] cloud-init[809]: +----[SHA256]-----+
[   14.325795] cloud-init[809]: Generating public/private ed25519 key pair.
[   14.326237] cloud-init[809]: Your identification has been saved in /etc/ssh/ssh_host_ed25519_key.
[   14.326666] cloud-init[809]: Your public key has been saved in /etc/ssh/ssh_host_ed25519_key.pub.
[0;32m  OK  [0m] Started Discard unused blocks once a week.
[   14.327066] cloud-init[809]: The key fingerprint is:
[   14.343222] cloud-init[809]: SHA256:SqGXXIPZE7WiKVApht7Qh42zEiigbm0beiBDUPSNT9A root@ubuntu-bionic
[   14.344864] cloud-init[809]: The key's randomart image is:
[   14.344966] cloud-init[809]: +--[ED25519 256]--+
[   14.345430] cloud-init[809]: |=++ *o  ...      |
[   14.345852] cloud-init[809]: |*ooB.*E+ . .     |
[   14.346297] cloud-init[809]: |+o=.* * * .      |
[   14.346526] cloud-init[809]: |oo.+ = * +       |
[   14.346744] cloud-init[809]: |o+.+o O S        |
[   14.346963] cloud-init[809]: |o.+ o+ .         |
[   14.347188] cloud-init[809]: | . o  .          |
[   14.347600] cloud-init[809]: |  .              |
[   14.347864] cloud-init[809]: |                 |
[   14.348294] cloud-init[809]: +----[SHA256]-----+
[[0;32m  OK  [0m] Started Daily apt download activities.
         Starting LXD - unix socket.
[[0;32m  OK  [0m] Listening on ACPID Listen Socket.
[[0;32m  OK  [0m] Listening on Open-iSCSI iscsid Socket.
         Starting Socket activation for snappy daemon.
[[0;32m  OK  [0m] Listening on UUID daemon activation socket.
[[0;32m  OK  [0m] Started ACPI Events Check.
[[0;32m  OK  [0m] Listening on D-Bus System Message Bus Socket.
[[0;32m  OK  [0m] Started Daily apt upgrade and clean activities.
[[0;32m  OK  [0m] Started Message of the Day.
[[0;32m  OK  [0m] Reached target Timers.
[[0;32m  OK  [0m] Reached target Paths.
[[0;32m  OK  [0m] Reached target Network is Online.
[[0;32m  OK  [0m] Reached target Remote File Systems (Pre).
[[0;32m  OK  [0m] Reached target Remote File Systems.
         Starting Availability of block devices...
[[0;32m  OK  [0m] Reached target Cloud-config availability.
[[0;32m  OK  [0m] Listening on LXD - unix socket.
[[0;32m  OK  [0m] Listening on Socket activation for snappy daemon.
[[0;32m  OK  [0m] Reached target Sockets.
[[0;32m  OK  [0m] Reached target Basic System.
         Starting Login Service...
[[0;32m  OK  [0m] Started Regular background program processing daemon.
[[0;32m  OK  [0m] Started Deferred execution scheduler.
         Starting LSB: automatic crash report generation...
         Starting LXD - container startup/shutdown...
         Starting System Logging Service...
[[0;32m  OK  [0m] Started FUSE filesystem for LXC.
         Starting Pollinate to seed the pseudo random number generator...
         Starting Accounts Service...
[[0;32m  OK  [0m] Started irqbalance daemon.
         Starting Snappy daemon...
         Starting Dispatcher daemon for systemd-networkd...
         Starting Permit User Sessions...
         Starting Virtualbox guest utils...
[[0;32m  OK  [0m] Started D-Bus System Message Bus.
[[0;32m  OK  [0m] Started Login Service.
[[0;32m  OK  [0m] Started Unattended Upgrades Shutdown.
         Starting LSB: Record successful boot for GRUB...
[[0;32m  OK  [0m] Started System Logging Service.
[[0;32m  OK  [0m] Started Availability of block devices.
[[0;32m  OK  [0m] Started LXD - container startup/shutdown.
[[0;32m  OK  [0m] Started Permit User Sessions.
         Starting Terminate Plymouth Boot Screen...
         Starting Hold until boot process finishes up...
[[0;32m  OK  [0m] Started LSB: automatic crash report generation.
[[0;32m  OK  [0m] Started Terminate Plymouth Boot Screen.
[[0;32m  OK  [0m] Started Hold until boot process finishes up.
         Starting Authorization Manager...
         Starting Set console scheme...
[[0;32m  OK  [0m] Started Serial Getty on ttyS0.
[[0;32m  OK  [0m] Started Virtualbox guest utils.
[[0;32m  OK  [0m] Started Set console scheme.
[[0;32m  OK  [0m] Created slice system-getty.slice.
[[0;32m  OK  [0m] Started Getty on tty1.
[[0;32m  OK  [0m] Reached target Login Prompts.
[[0;32m  OK  [0m] Started Authorization Manager.
[[0;32m  OK  [0m] Started Accounts Service.
[[0;32m  OK  [0m] Started Dispatcher daemon for systemd-networkd.
[[0;32m  OK  [0m] Started LSB: Record successful boot for GRUB.
[[0;32m  OK  [0m] Started Snappy daemon.
         Starting Wait until snapd is fully seeded...
[[0;32m  OK  [0m] Started Pollinate to seed the pseudo random number generator.
         Starting OpenBSD Secure Shell server...
[[0;32m  OK  [0m] Started OpenBSD Secure Shell server.
[[0;32m  OK  [0m] Started Wait until snapd is fully seeded.
         Starting Apply the settings specified in cloud-config...
[[0;32m  OK  [0m] Reached target Multi-User System.
[[0;32m  OK  [0m] Reached target Graphical Interface.
         Starting Update UTMP about System Runlevel Changes...
[[0;32m  OK  [0m] Started Update UTMP about System Runlevel Changes.
[   18.163957] cloud-init[1338]: Cloud-init v. 19.1-1-gbaa47854-0ubuntu1~18.04.1 running 'modules:config' at Mon, 03 Jun 2019 20:22:01 +0000. Up 17.69 seconds.
[[0;32m  OK  [0m] Started Apply the settings specified in cloud-config.
         Starting Execute cloud user/final scripts...
[[0;32m  OK  [0m] Created slice User Slice of vagrant.
         Starting User Manager for UID 1000...
[[0;32m  OK  [0m] Started Session 1 of user vagrant.
[[0;32m  OK  [0m] Started User Manager for UID 1000.
ci-info: no authorized ssh keys fingerprints found for user ubuntu.
<14>Jun  3 20:22:02 ec2: 
<14>Jun  3 20:22:02 ec2: #############################################################
<14>Jun  3 20:22:02 ec2: -----BEGIN SSH HOST KEY FINGERPRINTS-----
<14>Jun  3 20:22:02 ec2: 1024 SHA256:fCyO7ZZhhX91Zfq9Ypd4Si3l3i1ON14S7nITMbpnIxE root@ubuntu-bionic (DSA)
<14>Jun  3 20:22:02 ec2: 256 SHA256:VDJtvkpQPfZ/8gPDPHgy4s/FVl21RhNrZgFo3LfYWVw root@ubuntu-bionic (ECDSA)
<14>Jun  3 20:22:02 ec2: 256 SHA256:SqGXXIPZE7WiKVApht7Qh42zEiigbm0beiBDUPSNT9A root@ubuntu-bionic (ED25519)
<14>Jun  3 20:22:02 ec2: 2048 SHA256:gyZKsc54L4AEmi2IjMU/uIbo91k5EKX445Ppap77Bow root@ubuntu-bionic (RSA)
<14>Jun  3 20:22:02 ec2: -----END SSH HOST KEY FINGERPRINTS-----
<14>Jun  3 20:22:02 ec2: #############################################################
-----BEGIN SSH HOST KEY KEYS-----
ecdsa-sha2-nistp256 AAAAE2VjZHNhLXNoYTItbmlzdHAyNTYAAAAIbmlzdHAyNTYAAABBBMQ1BUSlKTvpGiomcnBj5of8AklK3iCzEPBbZmm1PY/Dtic3c4GSMErG8GcmSSNPKrX6bK1v3uVOZR0L1MYOMQY= root@ubuntu-bionic
ssh-ed25519 AAAAC3NzaC1lZDI1NTE5AAAAIFNyz9NpOx7Zn3DHk562eTTTHx0GAM/9Xrbu1YPY3m4S root@ubuntu-bionic
ssh-rsa AAAAB3NzaC1yc2EAAAADAQABAAABAQDznhgh7NXyg3pWT+jBjRlp6K6ACWK6UDwAXW0m9qATqiAZX1OqBja7t4RzVzuO5e76fOAzVYeI2Cc+cyXArGjLKjotpi/1scELh9VhMeCrMAU6ix3ngtkEuLVpGbjk2ekf6MYSbNK8DPPWP0A1L+Z0xJgbMx+qH+97BUfCzz/DB/GouUCPmUI/Kgjms0oN+eOgKXqfSyacO3RcIITxpaDHCQOI14IBvDIjoGsL1tBCcqd8R9Fk8PLsRupv3G7RCwtgcsGsgszAaGnSgrSeKplzt/I9/ePFxpx9ZxQK6AKaLRHBfDQgU7roGPrpaUuEVONZ4yj3SU1X0H+x6d0xoNe3 root@ubuntu-bionic
-----END SSH HOST KEY KEYS-----
[   19.219955] cloud-init[1393]: Cloud-init v. 19.1-1-gbaa47854-0ubuntu1~18.04.1 running 'modules:final' at Mon, 03 Jun 2019 20:22:02 +0000. Up 18.81 seconds.
[   19.272126] cloud-init[1393]: ci-info: no authorized ssh keys fingerprints found for user ubuntu.
[[0;32m  OK  [0m[   19.322425] cloud-init[1393]: Cloud-init v. 19.1-1-gbaa47854-0ubuntu1~18.04.1 finished at Mon, 03 Jun 2019 20:22:02 +0000. Datasource DataSourceNoCloud [seed=/dev/sdb][dsmode=net].  Up 19.20 seconds
] Started Execute cloud user/final scripts.
[[0;32m  OK  [0m] Reached target Cloud-init target.

Ubuntu 18.04.2 LTS ubuntu-bionic ttyS0

ubuntu-bionic login: [[0;32m  OK  [0m] Stopped target H         Stopping LXD - container startup/shutdown...
         Stopping OpenBSD Secure Shell server...
         Stopping irqbalance daemon...
         Stopping Regular background program processing daemon...
[[0;32m  OK  [0m] Unmounted /var/lib/lxcfs.
[[0;32m  OK  [0m] Stopped Regular background program processing daemon.
[[0;32m  OK  [0m] Stopped Deferred execution scheduler.
[[0;32m  OK  [0m] Stopped System Logging Service.
[[0;32m  OK  [0m] Stopped Accounts Service.
[[0;32m  OK  [0m] Stopped irqbalance daemon.
[[0;32m  OK  [0m] Stopped Dispatcher daemon for systemd-networkd.
[[0;32m  OK  [0m] Stopped Unattended Upgrades Shutdown.
[[0;32m  OK  [0m] Stopped Authorization Manager.
[[0;32m  OK  [0m] Stopped Serial Getty on ttyS0.
[[0;32m  OK  [0m] Stopped Getty on tty1.
[[0;32m  OK  [0m] Stopped OpenBSD Secure Shell server.
[[0;32m  OK  [0m] Stopped User Manager for UID 1000.
[[0;32m  OK  [0m] Stopped Availability of block devices.
[[0;32m  OK  [0m] Stopped D-Bus System Message Bus.
[[0;32m  OK  [0m] Stopped FUSE filesystem for LXC.
[[0;32m  OK  [0m] Stopped Session 5 of user vagrant.
[[0;32m  OK  [0m] Removed slice User Slice of vagrant.
[[0;32m  OK  [0m] Removed slice system-getty.slice.
         Stopping Permit User Sessions...
[[0;32m  OK  [0m] Removed slice system-serial\x2dgetty.slice.
         Stopping Login Service...
[[0;32m  OK  [0m] Stopped LSB: automatic crash report generation.
[[0;32m  OK  [0m] Stopped Virtualbox guest utils.
[[0;32m  OK  [0m] Stopped LXD - container startup/shutdown.
[[0;32m  OK  [0m] Stopped Permit User Sessions.
[[0;32m  OK  [0m] Stopped target Network.
         Stopping Network Name Resolution...
[[0;32m  OK  [0m] Stopped target Remote File Systems.
[[0;32m  OK  [0m] Stopped target Remote File Systems (Pre).
[[0;32m  OK  [0m] Stopped LSB: Record successful boot for GRUB.
[[0;32m  OK  [0m] Stopped Network Name Resolution.
[[0;32m  OK  [0m] Stopped Login Service.
[[0;32m  OK  [0m] Stopped target User and Group Name Lookups.
[[0;32m  OK  [0m] Stopped target Basic System.
[[0;32m  OK  [0m] Stopped target Slices.
[[0;32m  OK  [0m] Removed slice User and Session Slice.
[[0;32m  OK  [0m] Stopped target Paths.
[[0;32m  OK  [0m] Stopped ACPI Events Check.
[[0;32m  OK  [0m] Stopped target Sockets.
[[0;32m  OK  [0m] Closed LXD - unix socket.
[[0;32m  OK  [0m] Closed D-Bus System Message Bus Socket.
[[0;32m  OK  [0m] Closed Socket activation for snappy daemon.
[[0;32m  OK  [0m] Closed Syslog Socket.
[[0;32m  OK  [0m] Closed Open-iSCSI iscsid Socket.
[[0;32m  OK  [0m] Closed ACPID Listen Socket.
[[0;32m  OK  [0m] Closed UUID daemon activation socket.
[[0;32m  OK  [0m] Stopped target System Initialization.
[[0;32m  OK  [0m] Stopped Initial cloud-init job (metadata service crawler).
[[0;32m  OK  [0m] Stopped Wait for Network to be Configured.
         Stopping Network Service...
         Stopping Update UTMP about System Boot/Shutdown...
[[0;32m  OK  [0m] Stopped target Local Encrypted Volumes.
[[0;32m  OK  [0m] Stopped Dispatch Password Requests to Console Directory Watch.
[[0;32m  OK  [0m] Stopped Forward Password Requests to Wall Directory Watch.
         Stopping Load/Save Random Seed...
[[0;32m  OK  [0m] Stopped Commit a transient machine-id on disk.
[[0;32m  OK  [0m] Stopped Network Service.
[[0;32m  OK  [0m] Stopped Load/Save Random Seed.
[[0;32m  OK  [0m] Stopped target Network (Pre).
[[0;32m  OK  [0m] Stopped Initial cloud-init job (pre-networking).
[[0;32m  OK  [0m] Stopped Apply Kernel Variables.
[[0;32m  OK  [0m] Stopped Load Kernel Modules.
[[0;32m  OK  [0m] Stopped Update UTMP about System Boot/Shutdown.
[[0;32m  OK  [0m] Stopped Create Volatile Files and Directories.
[[0;32m  OK  [0m] Stopped target Local File Systems.
         Unmounting /run/user/1000...
         Unmounting /vagrant...
[[0;32m  OK  [0m] Unmounted /run/user/1000.
[[0;32m  OK  [0m] Unmounted /vagrant.
[[0;32m  OK  [0m] Reached target Unmount All Filesystems.
[[0;32m  OK  [0m] Stopped target Local File Systems (Pre).
[[0;32m  OK  [0m] Stopped Remount Root and Kernel File Systems.
[[0;32m  OK  [0m] Stopped Create Static Device Nodes in /dev.
         Stopping Monitoring of LVM2 mirrors…ng dmeventd or progress polling...
[[0;32m  OK  [0m] Stopped target Swap.
[[0;32m  OK  [0m] Reached target Shutdown.
[[0;32m  OK  [0m] Reached target Final Step.
         Starting Power-Off...
[[0;32m  OK  [0m] Stopped Monitoring of LVM2 mirrors,…sing dmeventd or progress polling.
         Stopping LVM2 metadata daemon...
[[0;32m  OK  [0m] Stopped LVM2 metadata daemon.
[  332.302585] reboot: Power down
